

<!DOCTYPE html>
<html>

﻿<head>
	<meta charset='utf-8' /> 
	<meta name='description' content='' />
	<meta name='robots' content='noodp, noydir' />
	<meta name='viewport' content='width=device-width, initial-scale=1' />

	<link href='https://fonts.googleapis.com/css?family=Source+Sans+Pro:400,600' rel='stylesheet' type='text/css'>
	<link href="https://fonts.googleapis.com/icon?family=Material+Icons" rel="stylesheet">
	
		<link href='extent.css' type='text/css' rel='stylesheet' />
	
	<title>自动化测试报告</title>

	<style type='text/css'>
		.td-top {
	vertical-align: top;
}

.td-width {
	width: 50%;
}

.msgbox {
	display: none;
}

.box-trigger {
	float: right;
	cursor: pointer;
	margin-left: 20px;
}

	</style>
</head>
	<body class='extent standard default hide-overflow '>
		<div id='theme-selector' alt='Click to toggle theme. To enable by default, use theme configuration.' title='Click to toggle theme. To enable by default, use theme configuration.'>
			<span><i class='material-icons'>desktop_windows</i></span>
		</div>

<nav>
	<div class="nav-wrapper">
		<a href="#!" class="brand-logo blue darken-3">Extent</a>

		<!-- slideout menu -->
		<ul id='slide-out' class='side-nav fixed hide-on-med-and-down'>
			<li class='waves-effect active'><a href='#!' view='test-view' onclick="configureView(0);chartsView('test');"><i class='material-icons'>dashboard</i></a></li>
						<li class='waves-effect'><a href='#!' onclick="configureView(-1);chartsView('dashboard');" view='dashboard-view'><i class='material-icons'>track_changes</i></i></a></li>
		</ul>

		<!-- report name -->
		<span class='report-name'>自动化测试报告</span>
		
		<!-- report headline -->
		<span class='report-headline'></span>

		<!-- nav-right -->
		<ul id='nav-mobile' class='right hide-on-med-and-down nav-right'>
			<a href='#!'>
				<span class='label suite-start-time'>Dec 20, 2017 2:23:05 PM</span>
			</a>
			<a href='#!'>
				<span class='label'>v3.0.3</span>
			</a>
		</ul>
	</div>
</nav>
		<!-- container -->
		<div class='container'>

<div id='test-view' class='view'>
				
	<section id='controls'>
		<div class='controls grey lighten-4'>
			<!-- test toggle -->
			<div class='chip transparent'>
				<a class='dropdown-button tests-toggle' data-activates='tests-toggle' data-constrainwidth='true' data-beloworigin='true' data-hover='true' href='#'>
					<i class='material-icons'>warning</i> Status
				</a>
				<ul id='tests-toggle' class='dropdown-content'>
											<li status='pass'><a href='#!'>Pass <i class='material-icons green-text'>check_circle</i></a></li>
						<li status='fail'><a href='#!'>Fail <i class='material-icons red-text'>cancel</i></a></li>
					<li class='divider'></li>
					<li status='clear' clear='true'><a href='#!'>Clear Filters <i class='material-icons'>clear</i></a></li>
				</ul>
			</div>
			<!-- test toggle -->

			<!-- category toggle -->
			<!-- category toggle -->

			<!-- clear filters -->
			<div class='chip transparent hide'>
				<a class='' id='clear-filters' alt='Clear Filters' title='Clear Filters'>
					<i class='material-icons'>close</i> Clear
				</a>
			</div>
			<!-- clear filters -->

			<!-- enable dashboard -->
			<div id='toggle-test-view-charts' class='chip transparent'>
				<a class='pink-text' id='enable-dashboard' alt='Enable Dashboard' title='Enable Dashboard'>
					<i class='material-icons'>track_changes</i> Dashboard
				</a>
			</div>
			<!-- enable dashboard -->

			<!-- search -->
			<div class='chip transparent' alt='Search Tests' title='Search Tests'>
				<a href="#" class='search-div'>
					<i class='material-icons'>search</i> Search
				</a>

				<div class='input-field left hide'>
					<input id='search-tests' type='text' class='validate browser-default' placeholder='Search Tests...'>
				</div>
				
			</div>
			<!-- search -->
		</div>
	</section>


<div id='test-view-charts' class='subview-full'>
	<div id='charts-row' class='row nm-v nm-h'>
		<div class='col s12 m6 l6 np-h'>
			<div class='card-panel nm-v'>
				<div class='left panel-name'>Tests</div>
				<div class='chart-box'>
					<canvas id='parent-analysis' width='100' height='80'></canvas>
				</div>
				<div class='block text-small'>
					<span><span class='strong'>1</span> test(s) passed</span>
				</div>
				<div class='block text-small'>
					<span class='strong'>5</span> test(s) failed, <span class='strong'>0</span> others
				</div>
			</div>
		</div>
		
		<div class='col s12 m6 l6 np-h'>
			<div class='card-panel nm-v'>
				<div class='left panel-name'>Steps</div>
				<div class='chart-box'>
					<canvas id='child-analysis' width='100' height='80'></canvas>
				</div>
				<div class='block text-small'>
					<span><span class='strong'>1</span> step(s) passed</span>
				</div>
				<div class='block text-small'>
					<span class='strong'>5</span> step(s) failed, <span class='strong'>0</span> others
				</div>
			</div>
		</div>
		
	</div>
</div>

	<div class='subview-left left'>
		
		<div class='view-summary'>
			<h5>Tests</h3>
			<ul id='test-collection' class='test-collection'>
				
				
				<li class='test displayed active  fail' status='fail' bdd='false' test-id='1'>
					<div class='test-heading'>
						<span class='test-name'>执行自选股行情信息查询W00</span>
						<span class='test-time'>Dec 20, 2017 2:23:05 PM</span>
						<span class='test-status right fail'>fail</span>
					</div>
					<div class='test-content hide'>
<div class='test-time-info'>
	<span class='label start-time'>Dec 20, 2017 2:23:05 PM</span>
	<span class='label end-time'>Dec 20, 2017 2:23:06 PM</span>
	<span class='label time-taken grey lighten-1 white-text'>0h 0m 0s+653ms</span>
</div>
	<div class='test-steps'>
		<table class='bordered table-results'>
			<thead>
				<tr>
					<th>Status</th>
					<th>Timestamp</th>
					<th>Details</th>
				</tr>
			</thead>
			<tbody>
				<tr class='log' status='fail'>
					<td class='status fail' title='fail' alt='fail'><i class='material-icons'>cancel</i></td>
					<td class='timestamp'>2:23:05 PM</td>
					<td class='step-details'><table><tr><td class="td-top td-width"><b>参数信息</b><pre>java.util.Map<java.lang.String, java.lang.String> arg0 {expectMsg=, bDirect=true, wType=0, fieldsBitMap=13690212358, wTotalCount=, pszCodes=000001,399001,399006, bSort=0, type=zl, wCount=3, testPoint=获取自选股行情数据, url=http://111.13.63.2:9800/api/quote/pb_selected, marketList=2,1,1, wFrom=0, isExcute=true, row=1}</pre></td><td class="td-top"><b>异常信息</b><a href="#" data-featherlight="#ex1" class="box-trigger">堆栈信息</a><div class="msgbox" id="ex1"><h6>堆栈信息</h6><pre>java.lang.RuntimeException: java.lang.NumberFormatException: For input string: &quot;&quot;
	at zxjt.inte.service.impl.W00HQZXGHQServiceImpl.test(W00HQZXGHQServiceImpl.java:53)
	at zxjt.inte.web.W00HQZXGHQTest.W00ZXGHQ(W00HQZXGHQTest.java:47)
	at sun.reflect.NativeMethodAccessorImpl.invoke0(Native Method)
	at sun.reflect.NativeMethodAccessorImpl.invoke(NativeMethodAccessorImpl.java:62)
	at sun.reflect.DelegatingMethodAccessorImpl.invoke(DelegatingMethodAccessorImpl.java:43)
	at java.lang.reflect.Method.invoke(Method.java:497)
	at org.testng.internal.MethodInvocationHelper.invokeMethod(MethodInvocationHelper.java:108)
	at org.testng.internal.MethodInvocationHelper$1.runTestMethod(MethodInvocationHelper.java:211)
	at org.springframework.test.context.testng.AbstractTestNGSpringContextTests.run(AbstractTestNGSpringContextTests.java:171)
	at org.testng.internal.MethodInvocationHelper.invokeHookable(MethodInvocationHelper.java:223)
	at org.testng.internal.Invoker.invokeMethod(Invoker.java:665)
	at org.testng.internal.Invoker.invokeTestMethod(Invoker.java:877)
	at org.testng.internal.Invoker.invokeTestMethods(Invoker.java:1201)
	at org.testng.internal.TestMethodWorker.invokeTestMethods(TestMethodWorker.java:125)
	at org.testng.internal.TestMethodWorker.run(TestMethodWorker.java:109)
	at org.testng.TestRunner.privateRun(TestRunner.java:776)
	at org.testng.TestRunner.run(TestRunner.java:634)
	at org.testng.SuiteRunner.runTest(SuiteRunner.java:425)
	at org.testng.SuiteRunner.runSequentially(SuiteRunner.java:420)
	at org.testng.SuiteRunner.privateRun(SuiteRunner.java:385)
	at org.testng.SuiteRunner.run(SuiteRunner.java:334)
	at org.testng.SuiteRunnerWorker.runSuite(SuiteRunnerWorker.java:52)
	at org.testng.SuiteRunnerWorker.run(SuiteRunnerWorker.java:86)
	at org.testng.TestNG.runSuitesSequentially(TestNG.java:1318)
	at org.testng.TestNG.runSuitesLocally(TestNG.java:1243)
	at zxjt.inte.util.TestNg.runSuitesLocally(TestNg.java:357)
	at org.testng.TestNG.runSuites(TestNG.java:1161)
	at zxjt.inte.util.TestNg.runSuites(TestNg.java:339)
	at org.testng.TestNG.run(TestNG.java:1129)
	at zxjt.inte.util.TestNg.run(TestNg.java:333)
	at zxjt.inte.http.httpMain.main(httpMain.java:24)
Caused by: java.lang.NumberFormatException: For input string: &quot;&quot;
	at java.lang.NumberFormatException.forInputString(NumberFormatException.java:65)
	at java.lang.Integer.parseInt(Integer.java:592)
	at java.lang.Integer.valueOf(Integer.java:766)
	at zxjt.inte.protobuf.ProtobufBuilder.rank_option(ProtobufBuilder.java:31)
	at zxjt.inte.protobuf.ProtobufBuilder.selectedStocks_req(ProtobufBuilder.java:14)
	at zxjt.inte.protobuf.ProtobufReq.multi_selectedStocks_req(ProtobufReq.java:17)
	at zxjt.inte.service.impl.W00HQZXGHQServiceImpl.test(W00HQZXGHQServiceImpl.java:49)
	... 30 more
</pre></div><pre>java.lang.NumberFormatException: For input string: &quot;&quot;</pre></td></tr></table></td>
				</tr>
			</tbody>
		</table>
	</div>
					</div>
				</li>
				
				
				<li class='test displayed active  pass' status='pass' bdd='false' test-id='2'>
					<div class='test-heading'>
						<span class='test-name'>执行代码链查询W01</span>
						<span class='test-time'>Dec 20, 2017 2:23:06 PM</span>
						<span class='test-status right pass'>pass</span>
					</div>
					<div class='test-content hide'>
<div class='test-time-info'>
	<span class='label start-time'>Dec 20, 2017 2:23:06 PM</span>
	<span class='label end-time'>Dec 20, 2017 2:23:14 PM</span>
	<span class='label time-taken grey lighten-1 white-text'>0h 0m 7s+483ms</span>
</div>
	<div class='test-steps'>
		<table class='bordered table-results'>
			<thead>
				<tr>
					<th>Status</th>
					<th>Timestamp</th>
					<th>Details</th>
				</tr>
			</thead>
			<tbody>
				<tr class='log' status='pass'>
					<td class='status pass' title='pass' alt='pass'><i class='material-icons'>check_circle</i></td>
					<td class='timestamp'>2:23:06 PM</td>
					<td class='step-details'><table><tr><td class="td-top td-width"><b>参数信息</b><pre>java.util.Map<java.lang.String, java.lang.String> arg0 {isExcute=true, expectMsg=, uuidVersion=, row=1, type=zl, version=0, testPoint=全市场代码表/代码链, url=http://111.13.63.2:9800/api/quote/pb_codeList}</pre></td></tr></table></td>
				</tr>
			</tbody>
		</table>
	</div>
					</div>
				</li>
				
				
				<li class='test displayed active  fail' status='fail' bdd='false' test-id='3'>
					<div class='test-heading'>
						<span class='test-name'>执行板块排行W02</span>
						<span class='test-time'>Dec 20, 2017 2:23:14 PM</span>
						<span class='test-status right fail'>fail</span>
					</div>
					<div class='test-content hide'>
<div class='test-time-info'>
	<span class='label start-time'>Dec 20, 2017 2:23:14 PM</span>
	<span class='label end-time'>Dec 20, 2017 2:23:14 PM</span>
	<span class='label time-taken grey lighten-1 white-text'>0h 0m 0s+204ms</span>
</div>
	<div class='test-steps'>
		<table class='bordered table-results'>
			<thead>
				<tr>
					<th>Status</th>
					<th>Timestamp</th>
					<th>Details</th>
				</tr>
			</thead>
			<tbody>
				<tr class='log' status='fail'>
					<td class='status fail' title='fail' alt='fail'><i class='material-icons'>cancel</i></td>
					<td class='timestamp'>2:23:14 PM</td>
					<td class='step-details'><table><tr><td class="td-top td-width"><b>参数信息</b><pre>java.util.Map<java.lang.String, java.lang.String> arg0 {expectMsg=, bDirect=true, wType=1, fieldsBitMap=0, wTotalCount=, bSort=8, type=zl, wCount=6, testPoint=获取板块的排行榜数据, url=http://111.13.63.2:9800/api/quote/pb_blockRank, wFrom=0, isExcute=true, row=1}</pre></td><td class="td-top"><b>异常信息</b><a href="#" data-featherlight="#ex2" class="box-trigger">堆栈信息</a><div class="msgbox" id="ex2"><h6>堆栈信息</h6><pre>java.lang.RuntimeException: java.lang.NumberFormatException: For input string: &quot;&quot;
	at zxjt.inte.service.impl.W02BKPHServiceImpl.test(W02BKPHServiceImpl.java:53)
	at zxjt.inte.web.W02BKPHTest.W02BKPH(W02BKPHTest.java:34)
	at sun.reflect.NativeMethodAccessorImpl.invoke0(Native Method)
	at sun.reflect.NativeMethodAccessorImpl.invoke(NativeMethodAccessorImpl.java:62)
	at sun.reflect.DelegatingMethodAccessorImpl.invoke(DelegatingMethodAccessorImpl.java:43)
	at java.lang.reflect.Method.invoke(Method.java:497)
	at org.testng.internal.MethodInvocationHelper.invokeMethod(MethodInvocationHelper.java:108)
	at org.testng.internal.MethodInvocationHelper$1.runTestMethod(MethodInvocationHelper.java:211)
	at org.springframework.test.context.testng.AbstractTestNGSpringContextTests.run(AbstractTestNGSpringContextTests.java:171)
	at org.testng.internal.MethodInvocationHelper.invokeHookable(MethodInvocationHelper.java:223)
	at org.testng.internal.Invoker.invokeMethod(Invoker.java:665)
	at org.testng.internal.Invoker.invokeTestMethod(Invoker.java:877)
	at org.testng.internal.Invoker.invokeTestMethods(Invoker.java:1201)
	at org.testng.internal.TestMethodWorker.invokeTestMethods(TestMethodWorker.java:125)
	at org.testng.internal.TestMethodWorker.run(TestMethodWorker.java:109)
	at org.testng.TestRunner.privateRun(TestRunner.java:776)
	at org.testng.TestRunner.run(TestRunner.java:634)
	at org.testng.SuiteRunner.runTest(SuiteRunner.java:425)
	at org.testng.SuiteRunner.runSequentially(SuiteRunner.java:420)
	at org.testng.SuiteRunner.privateRun(SuiteRunner.java:385)
	at org.testng.SuiteRunner.run(SuiteRunner.java:334)
	at org.testng.SuiteRunnerWorker.runSuite(SuiteRunnerWorker.java:52)
	at org.testng.SuiteRunnerWorker.run(SuiteRunnerWorker.java:86)
	at org.testng.TestNG.runSuitesSequentially(TestNG.java:1318)
	at org.testng.TestNG.runSuitesLocally(TestNG.java:1243)
	at zxjt.inte.util.TestNg.runSuitesLocally(TestNg.java:357)
	at org.testng.TestNG.runSuites(TestNG.java:1161)
	at zxjt.inte.util.TestNg.runSuites(TestNg.java:339)
	at org.testng.TestNG.run(TestNG.java:1129)
	at zxjt.inte.util.TestNg.run(TestNg.java:333)
	at zxjt.inte.http.httpMain.main(httpMain.java:24)
Caused by: java.lang.NumberFormatException: For input string: &quot;&quot;
	at java.lang.NumberFormatException.forInputString(NumberFormatException.java:65)
	at java.lang.Integer.parseInt(Integer.java:592)
	at java.lang.Integer.valueOf(Integer.java:766)
	at zxjt.inte.protobuf.ProtobufBuilder.rank_option(ProtobufBuilder.java:31)
	at zxjt.inte.protobuf.ProtobufBuilder.blockRank_req(ProtobufBuilder.java:41)
	at zxjt.inte.protobuf.ProtobufReq.multi_blockRank_req(ProtobufReq.java:33)
	at zxjt.inte.service.impl.W02BKPHServiceImpl.test(W02BKPHServiceImpl.java:49)
	... 30 more
</pre></div><pre>java.lang.NumberFormatException: For input string: &quot;&quot;</pre></td></tr></table></td>
				</tr>
			</tbody>
		</table>
	</div>
					</div>
				</li>
				
				
				<li class='test displayed active  fail' status='fail' bdd='false' test-id='4'>
					<div class='test-heading'>
						<span class='test-name'>执行股票排行W03</span>
						<span class='test-time'>Dec 20, 2017 2:23:14 PM</span>
						<span class='test-status right fail'>fail</span>
					</div>
					<div class='test-content hide'>
<div class='test-time-info'>
	<span class='label start-time'>Dec 20, 2017 2:23:14 PM</span>
	<span class='label end-time'>Dec 20, 2017 2:23:15 PM</span>
	<span class='label time-taken grey lighten-1 white-text'>0h 0m 0s+194ms</span>
</div>
	<div class='test-steps'>
		<table class='bordered table-results'>
			<thead>
				<tr>
					<th>Status</th>
					<th>Timestamp</th>
					<th>Details</th>
				</tr>
			</thead>
			<tbody>
				<tr class='log' status='fail'>
					<td class='status fail' title='fail' alt='fail'><i class='material-icons'>cancel</i></td>
					<td class='timestamp'>2:23:15 PM</td>
					<td class='step-details'><table><tr><td class="td-top td-width"><b>参数信息</b><pre>java.util.Map<java.lang.String, java.lang.String> arg0 {expectMsg=, bDirect=true, sBKCode=sh#000001, wType=518, fieldsBitMap=127230, wTotalCount=, bSort=8, wMarketID=3, type=zl, wCount=10, testPoint=获取股票的排行榜数据, url=http://111.13.63.2:9800/api/quote/pb_stockRank, wFrom=0, isExcute=true, row=1}</pre></td><td class="td-top"><b>异常信息</b><a href="#" data-featherlight="#ex3" class="box-trigger">堆栈信息</a><div class="msgbox" id="ex3"><h6>堆栈信息</h6><pre>java.lang.RuntimeException: java.lang.NumberFormatException: For input string: &quot;&quot;
	at zxjt.inte.service.impl.W03GPPHServiceImpl.test(W03GPPHServiceImpl.java:53)
	at zxjt.inte.web.W03GPPHTest.W03GPPH(W03GPPHTest.java:34)
	at sun.reflect.NativeMethodAccessorImpl.invoke0(Native Method)
	at sun.reflect.NativeMethodAccessorImpl.invoke(NativeMethodAccessorImpl.java:62)
	at sun.reflect.DelegatingMethodAccessorImpl.invoke(DelegatingMethodAccessorImpl.java:43)
	at java.lang.reflect.Method.invoke(Method.java:497)
	at org.testng.internal.MethodInvocationHelper.invokeMethod(MethodInvocationHelper.java:108)
	at org.testng.internal.MethodInvocationHelper$1.runTestMethod(MethodInvocationHelper.java:211)
	at org.springframework.test.context.testng.AbstractTestNGSpringContextTests.run(AbstractTestNGSpringContextTests.java:171)
	at org.testng.internal.MethodInvocationHelper.invokeHookable(MethodInvocationHelper.java:223)
	at org.testng.internal.Invoker.invokeMethod(Invoker.java:665)
	at org.testng.internal.Invoker.invokeTestMethod(Invoker.java:877)
	at org.testng.internal.Invoker.invokeTestMethods(Invoker.java:1201)
	at org.testng.internal.TestMethodWorker.invokeTestMethods(TestMethodWorker.java:125)
	at org.testng.internal.TestMethodWorker.run(TestMethodWorker.java:109)
	at org.testng.TestRunner.privateRun(TestRunner.java:776)
	at org.testng.TestRunner.run(TestRunner.java:634)
	at org.testng.SuiteRunner.runTest(SuiteRunner.java:425)
	at org.testng.SuiteRunner.runSequentially(SuiteRunner.java:420)
	at org.testng.SuiteRunner.privateRun(SuiteRunner.java:385)
	at org.testng.SuiteRunner.run(SuiteRunner.java:334)
	at org.testng.SuiteRunnerWorker.runSuite(SuiteRunnerWorker.java:52)
	at org.testng.SuiteRunnerWorker.run(SuiteRunnerWorker.java:86)
	at org.testng.TestNG.runSuitesSequentially(TestNG.java:1318)
	at org.testng.TestNG.runSuitesLocally(TestNG.java:1243)
	at zxjt.inte.util.TestNg.runSuitesLocally(TestNg.java:357)
	at org.testng.TestNG.runSuites(TestNG.java:1161)
	at zxjt.inte.util.TestNg.runSuites(TestNg.java:339)
	at org.testng.TestNG.run(TestNG.java:1129)
	at zxjt.inte.util.TestNg.run(TestNg.java:333)
	at zxjt.inte.http.httpMain.main(httpMain.java:24)
Caused by: java.lang.NumberFormatException: For input string: &quot;&quot;
	at java.lang.NumberFormatException.forInputString(NumberFormatException.java:65)
	at java.lang.Integer.parseInt(Integer.java:592)
	at java.lang.Integer.valueOf(Integer.java:766)
	at zxjt.inte.protobuf.ProtobufBuilder.rank_option(ProtobufBuilder.java:31)
	at zxjt.inte.protobuf.ProtobufBuilder.stockRank_req(ProtobufBuilder.java:47)
	at zxjt.inte.protobuf.ProtobufReq.multi_stockRank_req(ProtobufReq.java:40)
	at zxjt.inte.service.impl.W03GPPHServiceImpl.test(W03GPPHServiceImpl.java:49)
	... 30 more
</pre></div><pre>java.lang.NumberFormatException: For input string: &quot;&quot;</pre></td></tr></table></td>
				</tr>
			</tbody>
		</table>
	</div>
					</div>
				</li>
				
				
				<li class='test displayed active  fail' status='fail' bdd='false' test-id='5'>
					<div class='test-heading'>
						<span class='test-name'>执行板块排行索引W04</span>
						<span class='test-time'>Dec 20, 2017 2:23:15 PM</span>
						<span class='test-status right fail'>fail</span>
					</div>
					<div class='test-content hide'>
<div class='test-time-info'>
	<span class='label start-time'>Dec 20, 2017 2:23:15 PM</span>
	<span class='label end-time'>Dec 20, 2017 2:23:15 PM</span>
	<span class='label time-taken grey lighten-1 white-text'>0h 0m 0s+171ms</span>
</div>
	<div class='test-steps'>
		<table class='bordered table-results'>
			<thead>
				<tr>
					<th>Status</th>
					<th>Timestamp</th>
					<th>Details</th>
				</tr>
			</thead>
			<tbody>
				<tr class='log' status='fail'>
					<td class='status fail' title='fail' alt='fail'><i class='material-icons'>cancel</i></td>
					<td class='timestamp'>2:23:15 PM</td>
					<td class='step-details'><table><tr><td class="td-top td-width"><b>参数信息</b><pre>java.util.Map<java.lang.String, java.lang.String> arg0 {expectMsg=, bDirect=true, wType=0, fieldsBitMap=0, blockClassName=8, wTotalCount=, bSort=8, type=zl, wCount=5, testPoint=板块排行索引, url=http://111.13.63.2:9800/api/quote/pb_blockRankIndex, wFrom=0, isExcute=true, row=1}</pre></td><td class="td-top"><b>异常信息</b><a href="#" data-featherlight="#ex4" class="box-trigger">堆栈信息</a><div class="msgbox" id="ex4"><h6>堆栈信息</h6><pre>java.lang.RuntimeException: java.lang.NumberFormatException: For input string: &quot;&quot;
	at zxjt.inte.service.impl.W04BKPHIndexServiceImpl.test(W04BKPHIndexServiceImpl.java:53)
	at zxjt.inte.web.W04BKPHIndexTest.W04BKPHIndex(W04BKPHIndexTest.java:34)
	at sun.reflect.NativeMethodAccessorImpl.invoke0(Native Method)
	at sun.reflect.NativeMethodAccessorImpl.invoke(NativeMethodAccessorImpl.java:62)
	at sun.reflect.DelegatingMethodAccessorImpl.invoke(DelegatingMethodAccessorImpl.java:43)
	at java.lang.reflect.Method.invoke(Method.java:497)
	at org.testng.internal.MethodInvocationHelper.invokeMethod(MethodInvocationHelper.java:108)
	at org.testng.internal.MethodInvocationHelper$1.runTestMethod(MethodInvocationHelper.java:211)
	at org.springframework.test.context.testng.AbstractTestNGSpringContextTests.run(AbstractTestNGSpringContextTests.java:171)
	at org.testng.internal.MethodInvocationHelper.invokeHookable(MethodInvocationHelper.java:223)
	at org.testng.internal.Invoker.invokeMethod(Invoker.java:665)
	at org.testng.internal.Invoker.invokeTestMethod(Invoker.java:877)
	at org.testng.internal.Invoker.invokeTestMethods(Invoker.java:1201)
	at org.testng.internal.TestMethodWorker.invokeTestMethods(TestMethodWorker.java:125)
	at org.testng.internal.TestMethodWorker.run(TestMethodWorker.java:109)
	at org.testng.TestRunner.privateRun(TestRunner.java:776)
	at org.testng.TestRunner.run(TestRunner.java:634)
	at org.testng.SuiteRunner.runTest(SuiteRunner.java:425)
	at org.testng.SuiteRunner.runSequentially(SuiteRunner.java:420)
	at org.testng.SuiteRunner.privateRun(SuiteRunner.java:385)
	at org.testng.SuiteRunner.run(SuiteRunner.java:334)
	at org.testng.SuiteRunnerWorker.runSuite(SuiteRunnerWorker.java:52)
	at org.testng.SuiteRunnerWorker.run(SuiteRunnerWorker.java:86)
	at org.testng.TestNG.runSuitesSequentially(TestNG.java:1318)
	at org.testng.TestNG.runSuitesLocally(TestNG.java:1243)
	at zxjt.inte.util.TestNg.runSuitesLocally(TestNg.java:357)
	at org.testng.TestNG.runSuites(TestNG.java:1161)
	at zxjt.inte.util.TestNg.runSuites(TestNg.java:339)
	at org.testng.TestNG.run(TestNG.java:1129)
	at zxjt.inte.util.TestNg.run(TestNg.java:333)
	at zxjt.inte.http.httpMain.main(httpMain.java:24)
Caused by: java.lang.NumberFormatException: For input string: &quot;&quot;
	at java.lang.NumberFormatException.forInputString(NumberFormatException.java:65)
	at java.lang.Integer.parseInt(Integer.java:592)
	at java.lang.Integer.valueOf(Integer.java:766)
	at zxjt.inte.protobuf.ProtobufBuilder.rank_option(ProtobufBuilder.java:31)
	at zxjt.inte.protobuf.ProtobufReq.blockRankIndex_req(ProtobufReq.java:47)
	at zxjt.inte.service.impl.W04BKPHIndexServiceImpl.test(W04BKPHIndexServiceImpl.java:49)
	... 30 more
</pre></div><pre>java.lang.NumberFormatException: For input string: &quot;&quot;</pre></td></tr></table></td>
				</tr>
			</tbody>
		</table>
	</div>
					</div>
				</li>
				
				
				<li class='test displayed active  fail' status='fail' bdd='false' test-id='6'>
					<div class='test-heading'>
						<span class='test-name'>执行个股综合W05</span>
						<span class='test-time'>Dec 20, 2017 2:23:15 PM</span>
						<span class='test-status right fail'>fail</span>
					</div>
					<div class='test-content hide'>
<div class='test-time-info'>
	<span class='label start-time'>Dec 20, 2017 2:23:15 PM</span>
	<span class='label end-time'>Dec 20, 2017 2:23:16 PM</span>
	<span class='label time-taken grey lighten-1 white-text'>0h 0m 0s+152ms</span>
</div>
	<div class='test-steps'>
		<table class='bordered table-results'>
			<thead>
				<tr>
					<th>Status</th>
					<th>Timestamp</th>
					<th>Details</th>
				</tr>
			</thead>
			<tbody>
				<tr class='log' status='fail'>
					<td class='status fail' title='fail' alt='fail'><i class='material-icons'>cancel</i></td>
					<td class='timestamp'>2:23:15 PM</td>
					<td class='step-details'><table><tr><td class="td-top td-width"><b>参数信息</b><pre>java.util.Map<java.lang.String, java.lang.String> arg0 {dwKXDate=, expectMsg=, reqNewKlines=, wType=0, fieldsBitMap=2229088026624, wKXCount=, count=20, wFQType=, dwFSTime=0, wMarketID=2, type=zl, testPoint=获取个股的基础详情、k线、分时、分笔数据, url=http://111.13.63.2:9800/api/quote/pb_stockUnited, dwFSDate=0, isExcute=true, row=1, dwKXTime=, sPszCode=600835, wKXType=}</pre></td><td class="td-top"><b>异常信息</b><a href="#" data-featherlight="#ex5" class="box-trigger">堆栈信息</a><div class="msgbox" id="ex5"><h6>堆栈信息</h6><pre>java.lang.RuntimeException: java.lang.RuntimeException: stock_kline_req中必输项WKXTYPE无值，请确认后再执行！
	at zxjt.inte.service.impl.W05GGZHServiceImpl.test(W05GGZHServiceImpl.java:53)
	at zxjt.inte.web.W05GGZHTest.W05GGZH(W05GGZHTest.java:34)
	at sun.reflect.NativeMethodAccessorImpl.invoke0(Native Method)
	at sun.reflect.NativeMethodAccessorImpl.invoke(NativeMethodAccessorImpl.java:62)
	at sun.reflect.DelegatingMethodAccessorImpl.invoke(DelegatingMethodAccessorImpl.java:43)
	at java.lang.reflect.Method.invoke(Method.java:497)
	at org.testng.internal.MethodInvocationHelper.invokeMethod(MethodInvocationHelper.java:108)
	at org.testng.internal.MethodInvocationHelper$1.runTestMethod(MethodInvocationHelper.java:211)
	at org.springframework.test.context.testng.AbstractTestNGSpringContextTests.run(AbstractTestNGSpringContextTests.java:171)
	at org.testng.internal.MethodInvocationHelper.invokeHookable(MethodInvocationHelper.java:223)
	at org.testng.internal.Invoker.invokeMethod(Invoker.java:665)
	at org.testng.internal.Invoker.invokeTestMethod(Invoker.java:877)
	at org.testng.internal.Invoker.invokeTestMethods(Invoker.java:1201)
	at org.testng.internal.TestMethodWorker.invokeTestMethods(TestMethodWorker.java:125)
	at org.testng.internal.TestMethodWorker.run(TestMethodWorker.java:109)
	at org.testng.TestRunner.privateRun(TestRunner.java:776)
	at org.testng.TestRunner.run(TestRunner.java:634)
	at org.testng.SuiteRunner.runTest(SuiteRunner.java:425)
	at org.testng.SuiteRunner.runSequentially(SuiteRunner.java:420)
	at org.testng.SuiteRunner.privateRun(SuiteRunner.java:385)
	at org.testng.SuiteRunner.run(SuiteRunner.java:334)
	at org.testng.SuiteRunnerWorker.runSuite(SuiteRunnerWorker.java:52)
	at org.testng.SuiteRunnerWorker.run(SuiteRunnerWorker.java:86)
	at org.testng.TestNG.runSuitesSequentially(TestNG.java:1318)
	at org.testng.TestNG.runSuitesLocally(TestNG.java:1243)
	at zxjt.inte.util.TestNg.runSuitesLocally(TestNg.java:357)
	at org.testng.TestNG.runSuites(TestNG.java:1161)
	at zxjt.inte.util.TestNg.runSuites(TestNg.java:339)
	at org.testng.TestNG.run(TestNG.java:1129)
	at zxjt.inte.util.TestNg.run(TestNg.java:333)
	at zxjt.inte.http.httpMain.main(httpMain.java:24)
Caused by: java.lang.RuntimeException: stock_kline_req中必输项WKXTYPE无值，请确认后再执行！
	at zxjt.inte.protobuf.ProtobufBuilder.stock_kline_req(ProtobufBuilder.java:78)
	at zxjt.inte.protobuf.ProtobufBuilder.stock_united_req(ProtobufBuilder.java:63)
	at zxjt.inte.protobuf.ProtobufReq.multi_stock_united_req(ProtobufReq.java:54)
	at zxjt.inte.service.impl.W05GGZHServiceImpl.test(W05GGZHServiceImpl.java:49)
	... 30 more
</pre></div><pre>java.lang.RuntimeException: stock_kline_req中必输项WKXTYPE无值，请确认后再执行！</pre></td></tr></table></td>
				</tr>
			</tbody>
		</table>
	</div>
					</div>
				</li>
			</ul>
		</div>
	</div>
	<!-- subview left -->

	<div class='subview-right left'>
		<div class='view-summary'>
			<h5 class='test-name'></h5>

			<div id='step-filters' class="right">
				<span class="blue-text" status="info" alt="info" title="info"><i class="material-icons">info_outline</i></span>
				<span class="green-text" status="pass" alt="pass" title="pass"><i class="material-icons">check_circle</i></span>
				<span class="red-text" status="fail" alt="fail" title="fail"><i class="material-icons">cancel</i></span>
				<span class="red-text text-darken-4" status="fatal" alt="fatal" title="fatal"><i class="material-icons">cancel</i></span>
				<span class="pink-text text-lighten-1" status="error" alt="error" title="error"><i class="material-icons">error</i></span>
				<span class="orange-text" alt="warning" status="warning" title="warning"><i class="material-icons">warning</i></span>
				<span class="teal-text" status="skip" alt="skip" title="skip"><i class="material-icons">redo</i></span>
				<span status="clear" alt="Clear filters" title="Clear filters"><i class="material-icons">clear</i></span>
			</div>
		</div>
	</div>
	<!-- subview right -->

</div>
<!-- test view --><!-- category view --><!-- exception view --><div id='dashboard-view' class='view hide'>
	<div class='card-panel transparent np-v'>
		<h5>Dashboard</h5>

		<div class='row'>
			<div class='col s2'>
				<div class='card-panel r'>
					Tests
					<div class='panel-lead'>6</div>
				</div>
			</div>
			<div class='col s2'>
				<div class='card-panel r'>
					Steps
					<div class='panel-lead'>6</div>
				</div>
			</div>
			<div class='col s2'>
				<div class='card-panel r'>
					Start
					<div class='panel-lead'>Dec 20, 2017 2:23:05 PM</div>
				</div>
			</div>
			<div class='col s2'>
				<div class='card-panel r'>
			 		End
			 		<div class='panel-lead'>Dec 20, 2017 2:23:16 PM</div>
				</div>
			</div>
			<div class='col s2'>
				<div class='card-panel r'>
					Time Taken
					<div class='panel-lead'>11,239ms</div>
				</div>
			</div>
			<div class='col s4'>
				<div class='card-panel environment'>
					<span class='right label cyan white-text'>Environment</span><p>&nbsp;</p>
					
					<table>
						<tr>
							<th>Name</th>
							<th>Value</th>
						</tr>
							<tr>
								<td>OS</td>
								<td>Windows 7</td>
							</tr>
							<tr>
								<td>Arch</td>
								<td>amd64</td>
							</tr>
							<tr>
								<td>JDK</td>
								<td>1.8.0_65</td>
							</tr>
					</table>
				</div>
			</div>
		</div>
	</div>
</div>
<!-- dashboard view --><!-- testrunner-logs view -->
		</div>
		<!-- container -->

		<script>
			var statusGroup = {
				passParent: 1,
				failParent: 5,
				fatalParent: 0,
				errorParent: 0,
				warningParent: 0,
				skipParent: 0,
				exceptionsParent: 5,
				
				passChild: 1,
				failChild: 5,
				fatalChild: 0,
				errorChild: 0,
				warningChild: 0,
				skipChild: 0,
				infoChild: 0,
				exceptionsChild: 5,
				
				passGrandChild: 0,
				failGrandChild: 0,
				fatalGrandChild: 0,
				errorGrandChild: 0,
				warningGrandChild: 0,
				skipGrandChild: 0,
				infoGrandChild: 0,
				exceptionsGrandChild: 0,
			};
		</script>
		
			<script src='extent.js' type='text/javascript'></script>
		
		
	</body>
	
</html>
